\BOOKMARK [1][-]{section.1}{Bayesian Networks: Code Examples}{}% 1
\BOOKMARK [2][-]{subsection.1.1}{Data Streams}{section.1}% 2
\BOOKMARK [2][-]{subsection.1.2}{Data Streams}{section.1}% 3
\BOOKMARK [2][-]{subsection.1.3}{Models}{section.1}% 4
\BOOKMARK [3][-]{subsubsection.1.3.1}{Creating BNs}{subsection.1.3}% 5
\BOOKMARK [3][-]{subsubsection.1.3.2}{Creating Bayesian networks with latent variables}{subsection.1.3}% 6
\BOOKMARK [3][-]{subsubsection.1.3.3}{Modifiying Bayesian networks}{subsection.1.3}% 7
\BOOKMARK [2][-]{subsection.1.4}{Input/Output}{section.1}% 8
\BOOKMARK [3][-]{subsubsection.1.4.1}{I/O of data streams}{subsection.1.4}% 9
\BOOKMARK [3][-]{subsubsection.1.4.2}{I/O of BNs}{subsection.1.4}% 10
\BOOKMARK [2][-]{subsection.1.5}{Inference}{section.1}% 11
\BOOKMARK [3][-]{subsubsection.1.5.1}{The inference engine}{subsection.1.5}% 12
\BOOKMARK [2][-]{subsection.1.6}{Inference}{section.1}% 13
\BOOKMARK [3][-]{subsubsection.1.6.1}{Variational Message Passing}{subsection.1.6}% 14
\BOOKMARK [3][-]{subsubsection.1.6.2}{Importance Sampling}{subsection.1.6}% 15
\BOOKMARK [2][-]{subsection.1.7}{Learning Algorithms}{section.1}% 16
\BOOKMARK [3][-]{subsubsection.1.7.1}{Maximum Likelihood}{subsection.1.7}% 17
\BOOKMARK [3][-]{subsubsection.1.7.2}{Parallel Maximum Likelihood}{subsection.1.7}% 18
\BOOKMARK [3][-]{subsubsection.1.7.3}{Streaming Variational Bayes}{subsection.1.7}% 19
\BOOKMARK [3][-]{subsubsection.1.7.4}{Parallel Streaming Variational Bayes}{subsection.1.7}% 20
\BOOKMARK [2][-]{subsection.1.8}{Concept Drift Methods}{section.1}% 21
\BOOKMARK [3][-]{subsubsection.1.8.1}{Naive Bayes with Virtual Concept Drift Detection}{subsection.1.8}% 22
\BOOKMARK [2][-]{subsection.1.9}{HuginLink}{section.1}% 23
\BOOKMARK [3][-]{subsubsection.1.9.1}{Models conversion between AMiDST and Hugin}{subsection.1.9}% 24
\BOOKMARK [3][-]{subsubsection.1.9.2}{I/O of Bayesian Networks with Hugin net format}{subsection.1.9}% 25
\BOOKMARK [3][-]{subsubsection.1.9.3}{Invoking Hugin's inference engine}{subsection.1.9}% 26
\BOOKMARK [3][-]{subsubsection.1.9.4}{Invoking Hugin's Parallel TAN}{subsection.1.9}% 27
\BOOKMARK [2][-]{subsection.1.10}{MoaLink}{section.1}% 28
\BOOKMARK [3][-]{subsubsection.1.10.1}{AMIDST Classifiers from MOA}{subsection.1.10}% 29
\BOOKMARK [3][-]{subsubsection.1.10.2}{AMIDST Classifiers from MOA}{subsection.1.10}% 30
